# JRE version: OpenJDK Runtime Environment (21.0.4) (build 21.0.4+-12508038-b607.1)
# Java VM: OpenJDK 64-Bit Server VM (21.0.4+-12508038-b607.1, mixed mode, tiered, compressed oops, compressed class ptrs, g1 gc, windows-amd64)
GC Precious Log:
 CardTable entry size: 512
 Card Set container configuration: InlinePtr #cards 5 size 8 Array Of Cards #cards 12 size 40 Howl #buckets 4 coarsen threshold 1843 Howl Bitmap #cards 512 size 80 coarsen threshold 460 Card regions per heap region 1 cards per card region 2048
 CPUs: 12 total, 12 available
 Memory: 7879M
 Large Page Support: Disabled
 NUMA Support: Disabled
 Compressed Oops: Enabled (32-bit)
 Heap Region Size: 1M
 Heap Min Capacity: 8M
 Heap Initial Capacity: 124M
 Heap Max Capacity: 2G
 Pre-touch: Disabled
 Parallel Workers: 10
 Concurrent Workers: 3
 Concurrent Refinement Workers: 10
 Periodic GC: Disabled
Heap:
 garbage-first heap   total 110592K, used 49532K [0x0000000080000000, 0x0000000100000000)
  region size 1024K, 5 young (5120K), 5 survivors (5120K)
 Metaspace       used 66645K, committed 68352K, reserved 1114112K
  class space    used 9062K, committed 9920K, reserved 1048576K
GC Heap History (20 events):
Event: 5.238 GC heap after
{Heap after GC invocations=6 (full 0):
 garbage-first heap   total 88064K, used 24776K [0x0000000080000000, 0x0000000100000000)
  region size 1024K, 7 young (7168K), 7 survivors (7168K)
 Metaspace       used 29939K, committed 30592K, reserved 1114112K
  class space    used 3835K, committed 4160K, reserved 1048576K
}
Event: 6.191 GC heap before
{Heap before GC invocations=6 (full 0):
 garbage-first heap   total 88064K, used 61640K [0x0000000080000000, 0x0000000100000000)
  region size 1024K, 44 young (45056K), 7 survivors (7168K)
 Metaspace       used 35123K, committed 35968K, reserved 1114112K
  class space    used 4704K, committed 5120K, reserved 1048576K
}
Event: 6.199 GC heap after
{Heap after GC invocations=7 (full 0):
 garbage-first heap   total 88064K, used 26775K [0x0000000080000000, 0x0000000100000000)
  region size 1024K, 6 young (6144K), 6 survivors (6144K)
 Metaspace       used 35123K, committed 35968K, reserved 1114112K
  class space    used 4704K, committed 5120K, reserved 1048576K
}
Event: 6.258 GC heap before
{Heap before GC invocations=7 (full 0):
 garbage-first heap   total 88064K, used 28823K [0x0000000080000000, 0x0000000100000000)
  region size 1024K, 9 young (9216K), 6 survivors (6144K)
 Metaspace       used 35448K, committed 36288K, reserved 1114112K
  class space    used 4761K, committed 5184K, reserved 1048576K
}
Event: 6.262 GC heap after
{Heap after GC invocations=8 (full 0):
 garbage-first heap   total 88064K, used 27058K [0x0000000080000000, 0x0000000100000000)
  region size 1024K, 3 young (3072K), 3 survivors (3072K)
 Metaspace       used 35448K, committed 36288K, reserved 1114112K
  class space    used 4761K, committed 5184K, reserved 1048576K
}
Event: 7.414 GC heap before
{Heap before GC invocations=9 (full 0):
 garbage-first heap   total 88064K, used 72114K [0x0000000080000000, 0x0000000100000000)
  region size 1024K, 47 young (48128K), 3 survivors (3072K)
 Metaspace       used 43107K, committed 44288K, reserved 1114112K
  class space    used 5821K, committed 6400K, reserved 1048576K
}
Event: 7.419 GC heap after
{Heap after GC invocations=10 (full 0):
 garbage-first heap   total 106496K, used 30144K [0x0000000080000000, 0x0000000100000000)
  region size 1024K, 6 young (6144K), 6 survivors (6144K)
 Metaspace       used 43107K, committed 44288K, reserved 1114112K
  class space    used 5821K, committed 6400K, reserved 1048576K
}
Event: 8.106 GC heap before
{Heap before GC invocations=10 (full 0):
 garbage-first heap   total 106496K, used 86464K [0x0000000080000000, 0x0000000100000000)
  region size 1024K, 62 young (63488K), 6 survivors (6144K)
 Metaspace       used 46579K, committed 47936K, reserved 1114112K
  class space    used 6232K, committed 6912K, reserved 1048576K
}
Event: 8.114 GC heap after
{Heap after GC invocations=11 (full 0):
 garbage-first heap   total 106496K, used 33995K [0x0000000080000000, 0x0000000100000000)
  region size 1024K, 8 young (8192K), 8 survivors (8192K)
 Metaspace       used 46579K, committed 47936K, reserved 1114112K
  class space    used 6232K, committed 6912K, reserved 1048576K
}
Event: 9.539 GC heap before
{Heap before GC invocations=11 (full 0):
 garbage-first heap   total 106496K, used 91339K [0x0000000080000000, 0x0000000100000000)
  region size 1024K, 62 young (63488K), 8 survivors (8192K)
 Metaspace       used 54483K, committed 55936K, reserved 1114112K
  class space    used 7347K, committed 8064K, reserved 1048576K
}
Event: 9.546 GC heap after
{Heap after GC invocations=12 (full 0):
 garbage-first heap   total 106496K, used 36815K [0x0000000080000000, 0x0000000100000000)
  region size 1024K, 7 young (7168K), 7 survivors (7168K)
 Metaspace       used 54483K, committed 55936K, reserved 1114112K
  class space    used 7347K, committed 8064K, reserved 1048576K
}
Event: 10.311 GC heap before
{Heap before GC invocations=12 (full 0):
 garbage-first heap   total 106496K, used 67535K [0x0000000080000000, 0x0000000100000000)
  region size 1024K, 38 young (38912K), 7 survivors (7168K)
 Metaspace       used 59121K, committed 60608K, reserved 1114112K
  class space    used 8005K, committed 8768K, reserved 1048576K
}
Event: 10.318 GC heap after
{Heap after GC invocations=13 (full 0):
 garbage-first heap   total 106496K, used 38408K [0x0000000080000000, 0x0000000100000000)
  region size 1024K, 6 young (6144K), 6 survivors (6144K)
 Metaspace       used 59121K, committed 60608K, reserved 1114112K
  class space    used 8005K, committed 8768K, reserved 1048576K
}
Event: 11.799 GC heap before
{Heap before GC invocations=14 (full 0):
 garbage-first heap   total 106496K, used 92680K [0x0000000080000000, 0x0000000100000000)
  region size 1024K, 59 young (60416K), 6 survivors (6144K)
 Metaspace       used 65140K, committed 66816K, reserved 1114112K
  class space    used 8931K, committed 9792K, reserved 1048576K
}
Event: 11.808 GC heap after
{Heap after GC invocations=15 (full 0):
 garbage-first heap   total 106496K, used 43795K [0x0000000080000000, 0x0000000100000000)
  region size 1024K, 7 young (7168K), 7 survivors (7168K)
 Metaspace       used 65140K, committed 66816K, reserved 1114112K
  class space    used 8931K, committed 9792K, reserved 1048576K
}
Event: 12.335 GC heap before
{Heap before GC invocations=15 (full 0):
 garbage-first heap   total 106496K, used 91923K [0x0000000080000000, 0x0000000100000000)
  region size 1024K, 55 young (56320K), 7 survivors (7168K)
 Metaspace       used 66271K, committed 67968K, reserved 1114112K
  class space    used 9061K, committed 9920K, reserved 1048576K
}
Event: 12.343 GC heap after
{Heap after GC invocations=16 (full 0):
 garbage-first heap   total 106496K, used 47106K [0x0000000080000000, 0x0000000100000000)
  region size 1024K, 5 young (5120K), 5 survivors (5120K)
 Metaspace       used 66271K, committed 67968K, reserved 1114112K
  class space    used 9061K, committed 9920K, reserved 1048576K
}
Event: 12.593 GC heap before
{Heap before GC invocations=16 (full 0):
 garbage-first heap   total 106496K, used 93186K [0x0000000080000000, 0x0000000100000000)
  region size 1024K, 51 young (52224K), 5 survivors (5120K)
 Metaspace       used 66554K, committed 68288K, reserved 1114112K
  class space    used 9061K, committed 9920K, reserved 1048576K
}
Event: 12.597 GC heap after
{Heap after GC invocations=17 (full 0):
 garbage-first heap   total 106496K, used 48682K [0x0000000080000000, 0x0000000100000000)
  region size 1024K, 4 young (4096K), 4 survivors (4096K)
 Metaspace       used 66554K, committed 68288K, reserved 1114112K
  class space    used 9061K, committed 9920K, reserved 1048576K
}
Event: 12.868 GC heap before
{Heap before GC invocations=17 (full 0):
 garbage-first heap   total 106496K, used 93738K [0x0000000080000000, 0x0000000100000000)
  region size 1024K, 49 young (50176K), 4 survivors (4096K)
 Metaspace       used 66645K, committed 68352K, reserved 1114112K
  class space    used 9062K, committed 9920K, reserved 1048576K
}

