# JRE version: OpenJDK Runtime Environment (21.0.4) (build 21.0.4+-12508038-b607.1)
# Java VM: OpenJDK 64-Bit Server VM (21.0.4+-12508038-b607.1, mixed mode, tiered, compressed oops, compressed class ptrs, g1 gc, windows-amd64)
GC Precious Log:
 CardTable entry size: 512
 Card Set container configuration: InlinePtr #cards 5 size 8 Array Of Cards #cards 12 size 40 Howl #buckets 4 coarsen threshold 1843 Howl Bitmap #cards 512 size 80 coarsen threshold 460 Card regions per heap region 1 cards per card region 2048
 CPUs: 12 total, 12 available
 Memory: 7879M
 Large Page Support: Disabled
 NUMA Support: Disabled
 Compressed Oops: Enabled (32-bit)
 Heap Region Size: 1M
 Heap Min Capacity: 8M
 Heap Initial Capacity: 124M
 Heap Max Capacity: 2G
 Pre-touch: Disabled
 Parallel Workers: 10
 Concurrent Workers: 3
 Concurrent Refinement Workers: 10
 Periodic GC: Disabled
Heap:
 garbage-first heap   total 133120K, used 81214K [0x0000000080000000, 0x0000000100000000)
  region size 1024K, 3 young (3072K), 3 survivors (3072K)
 Metaspace       used 83567K, committed 85504K, reserved 1179648K
  class space    used 11271K, committed 12224K, reserved 1048576K
GC Heap History (20 events):
Event: 7.769 GC heap after
{Heap after GC invocations=13 (full 0):
 garbage-first heap   total 95232K, used 38235K [0x0000000080000000, 0x0000000100000000)
  region size 1024K, 5 young (5120K), 5 survivors (5120K)
 Metaspace       used 59112K, committed 60608K, reserved 1114112K
  class space    used 8011K, committed 8768K, reserved 1048576K
}
Event: 8.776 GC heap before
{Heap before GC invocations=14 (full 0):
 garbage-first heap   total 95232K, used 83291K [0x0000000080000000, 0x0000000100000000)
  region size 1024K, 49 young (50176K), 5 survivors (5120K)
 Metaspace       used 64803K, committed 66432K, reserved 1114112K
  class space    used 8919K, committed 9728K, reserved 1048576K
}
Event: 8.783 GC heap after
{Heap after GC invocations=15 (full 0):
 garbage-first heap   total 114688K, used 41393K [0x0000000080000000, 0x0000000100000000)
  region size 1024K, 5 young (5120K), 5 survivors (5120K)
 Metaspace       used 64803K, committed 66432K, reserved 1114112K
  class space    used 8919K, committed 9728K, reserved 1048576K
}
Event: 9.737 GC heap before
{Heap before GC invocations=15 (full 0):
 garbage-first heap   total 114688K, used 99761K [0x0000000080000000, 0x0000000100000000)
  region size 1024K, 63 young (64512K), 5 survivors (5120K)
 Metaspace       used 66296K, committed 67968K, reserved 1114112K
  class space    used 9072K, committed 9920K, reserved 1048576K
}
Event: 9.745 GC heap after
{Heap after GC invocations=16 (full 0):
 garbage-first heap   total 114688K, used 46277K [0x0000000080000000, 0x0000000100000000)
  region size 1024K, 8 young (8192K), 8 survivors (8192K)
 Metaspace       used 66296K, committed 67968K, reserved 1114112K
  class space    used 9072K, committed 9920K, reserved 1048576K
}
Event: 10.040 GC heap before
{Heap before GC invocations=16 (full 0):
 garbage-first heap   total 114688K, used 97477K [0x0000000080000000, 0x0000000100000000)
  region size 1024K, 59 young (60416K), 8 survivors (8192K)
 Metaspace       used 66600K, committed 68224K, reserved 1114112K
  class space    used 9072K, committed 9920K, reserved 1048576K
}
Event: 10.046 GC heap after
{Heap after GC invocations=17 (full 0):
 garbage-first heap   total 114688K, used 48740K [0x0000000080000000, 0x0000000100000000)
  region size 1024K, 5 young (5120K), 5 survivors (5120K)
 Metaspace       used 66600K, committed 68224K, reserved 1114112K
  class space    used 9072K, committed 9920K, reserved 1048576K
}
Event: 10.287 GC heap before
{Heap before GC invocations=17 (full 0):
 garbage-first heap   total 114688K, used 99940K [0x0000000080000000, 0x0000000100000000)
  region size 1024K, 56 young (57344K), 5 survivors (5120K)
 Metaspace       used 66662K, committed 68352K, reserved 1114112K
  class space    used 9072K, committed 9920K, reserved 1048576K
}
Event: 10.291 GC heap after
{Heap after GC invocations=18 (full 0):
 garbage-first heap   total 114688K, used 49563K [0x0000000080000000, 0x0000000100000000)
  region size 1024K, 6 young (6144K), 6 survivors (6144K)
 Metaspace       used 66662K, committed 68352K, reserved 1114112K
  class space    used 9072K, committed 9920K, reserved 1048576K
}
Event: 11.488 GC heap before
{Heap before GC invocations=19 (full 0):
 garbage-first heap   total 114688K, used 112027K [0x0000000080000000, 0x0000000100000000)
  region size 1024K, 53 young (54272K), 6 survivors (6144K)
 Metaspace       used 69446K, committed 71232K, reserved 1114112K
  class space    used 9444K, committed 10368K, reserved 1048576K
}
Event: 11.497 GC heap after
{Heap after GC invocations=20 (full 0):
 garbage-first heap   total 128000K, used 71781K [0x0000000080000000, 0x0000000100000000)
  region size 1024K, 7 young (7168K), 7 survivors (7168K)
 Metaspace       used 69446K, committed 71232K, reserved 1114112K
  class space    used 9444K, committed 10368K, reserved 1048576K
}
Event: 12.286 GC heap before
{Heap before GC invocations=20 (full 0):
 garbage-first heap   total 128000K, used 111717K [0x0000000080000000, 0x0000000100000000)
  region size 1024K, 46 young (47104K), 7 survivors (7168K)
 Metaspace       used 73563K, committed 75392K, reserved 1114112K
  class space    used 9912K, committed 10816K, reserved 1048576K
}
Event: 12.294 GC heap after
{Heap after GC invocations=21 (full 0):
 garbage-first heap   total 128000K, used 72816K [0x0000000080000000, 0x0000000100000000)
  region size 1024K, 2 young (2048K), 2 survivors (2048K)
 Metaspace       used 73563K, committed 75392K, reserved 1114112K
  class space    used 9912K, committed 10816K, reserved 1048576K
}
Event: 12.919 GC heap before
{Heap before GC invocations=21 (full 0):
 garbage-first heap   total 128000K, used 101488K [0x0000000080000000, 0x0000000100000000)
  region size 1024K, 31 young (31744K), 2 survivors (2048K)
 Metaspace       used 77230K, committed 79040K, reserved 1179648K
  class space    used 10436K, committed 11392K, reserved 1048576K
}
Event: 12.924 GC heap after
{Heap after GC invocations=22 (full 0):
 garbage-first heap   total 128000K, used 75084K [0x0000000080000000, 0x0000000100000000)
  region size 1024K, 4 young (4096K), 4 survivors (4096K)
 Metaspace       used 77230K, committed 79040K, reserved 1179648K
  class space    used 10436K, committed 11392K, reserved 1048576K
}
Event: 13.534 GC heap before
{Heap before GC invocations=23 (full 0):
 garbage-first heap   total 133120K, used 119116K [0x0000000080000000, 0x0000000100000000)
  region size 1024K, 43 young (44032K), 4 survivors (4096K)
 Metaspace       used 79408K, committed 81280K, reserved 1179648K
  class space    used 10738K, committed 11712K, reserved 1048576K
}
Event: 13.540 GC heap after
{Heap after GC invocations=24 (full 0):
 garbage-first heap   total 133120K, used 79724K [0x0000000080000000, 0x0000000100000000)
  region size 1024K, 6 young (6144K), 6 survivors (6144K)
 Metaspace       used 79408K, committed 81280K, reserved 1179648K
  class space    used 10738K, committed 11712K, reserved 1048576K
}
Event: 14.378 GC heap before
{Heap before GC invocations=24 (full 0):
 garbage-first heap   total 133120K, used 119660K [0x0000000080000000, 0x0000000100000000)
  region size 1024K, 45 young (46080K), 6 survivors (6144K)
 Metaspace       used 83369K, committed 85184K, reserved 1179648K
  class space    used 11236K, committed 12160K, reserved 1048576K
}
Event: 14.387 GC heap after
{Heap after GC invocations=25 (full 0):
 garbage-first heap   total 133120K, used 81018K [0x0000000080000000, 0x0000000100000000)
  region size 1024K, 2 young (2048K), 2 survivors (2048K)
 Metaspace       used 83369K, committed 85184K, reserved 1179648K
  class space    used 11236K, committed 12160K, reserved 1048576K
}
Event: 14.445 GC heap before
{Heap before GC invocations=25 (full 0):
 garbage-first heap   total 133120K, used 83066K [0x0000000080000000, 0x0000000100000000)
  region size 1024K, 5 young (5120K), 2 survivors (2048K)
 Metaspace       used 83567K, committed 85504K, reserved 1179648K
  class space    used 11271K, committed 12224K, reserved 1048576K
}

