# JRE version: OpenJDK Runtime Environment (21.0.4) (build 21.0.4+-12508038-b607.1)
# Java VM: OpenJDK 64-Bit Server VM (21.0.4+-12508038-b607.1, mixed mode, tiered, compressed oops, compressed class ptrs, g1 gc, windows-amd64)
GC Precious Log:
 CardTable entry size: 512
 Card Set container configuration: InlinePtr #cards 5 size 8 Array Of Cards #cards 12 size 40 Howl #buckets 4 coarsen threshold 1843 Howl Bitmap #cards 512 size 80 coarsen threshold 460 Card regions per heap region 1 cards per card region 2048
 CPUs: 12 total, 12 available
 Memory: 7879M
 Large Page Support: Disabled
 NUMA Support: Disabled
 Compressed Oops: Enabled (32-bit)
 Heap Region Size: 1M
 Heap Min Capacity: 8M
 Heap Initial Capacity: 124M
 Heap Max Capacity: 2G
 Pre-touch: Disabled
 Parallel Workers: 10
 Concurrent Workers: 3
 Concurrent Refinement Workers: 10
 Periodic GC: Disabled
Heap:
 garbage-first heap   total 98304K, used 57832K [0x0000000080000000, 0x0000000100000000)
  region size 1024K, 24 young (24576K), 4 survivors (4096K)
 Metaspace       used 61722K, committed 63296K, reserved 1114112K
  class space    used 8433K, committed 9216K, reserved 1048576K
GC Heap History (20 events):
Event: 1.507 GC heap before
{Heap before GC invocations=1 (full 0):
 garbage-first heap   total 126976K, used 42064K [0x0000000080000000, 0x0000000100000000)
  region size 1024K, 35 young (35840K), 3 survivors (3072K)
 Metaspace       used 12099K, committed 12288K, reserved 1114112K
  class space    used 1278K, committed 1408K, reserved 1048576K
}
Event: 1.516 GC heap after
{Heap after GC invocations=2 (full 0):
 garbage-first heap   total 126976K, used 11863K [0x0000000080000000, 0x0000000100000000)
  region size 1024K, 5 young (5120K), 5 survivors (5120K)
 Metaspace       used 12099K, committed 12288K, reserved 1114112K
  class space    used 1278K, committed 1408K, reserved 1048576K
}
Event: 2.205 GC heap before
{Heap before GC invocations=2 (full 0):
 garbage-first heap   total 126976K, used 57943K [0x0000000080000000, 0x0000000100000000)
  region size 1024K, 48 young (49152K), 5 survivors (5120K)
 Metaspace       used 13468K, committed 13696K, reserved 1114112K
  class space    used 1488K, committed 1600K, reserved 1048576K
}
Event: 2.219 GC heap after
{Heap after GC invocations=3 (full 0):
 garbage-first heap   total 126976K, used 18153K [0x0000000080000000, 0x0000000100000000)
  region size 1024K, 6 young (6144K), 6 survivors (6144K)
 Metaspace       used 13468K, committed 13696K, reserved 1114112K
  class space    used 1488K, committed 1600K, reserved 1048576K
}
Event: 2.969 GC heap before
{Heap before GC invocations=3 (full 0):
 garbage-first heap   total 126976K, used 40681K [0x0000000080000000, 0x0000000100000000)
  region size 1024K, 29 young (29696K), 6 survivors (6144K)
 Metaspace       used 21156K, committed 21504K, reserved 1114112K
  class space    used 2441K, committed 2624K, reserved 1048576K
}
Event: 2.976 GC heap after
{Heap after GC invocations=4 (full 0):
 garbage-first heap   total 126976K, used 21772K [0x0000000080000000, 0x0000000100000000)
  region size 1024K, 8 young (8192K), 8 survivors (8192K)
 Metaspace       used 21156K, committed 21504K, reserved 1114112K
  class space    used 2441K, committed 2624K, reserved 1048576K
}
Event: 4.271 GC heap before
{Heap before GC invocations=5 (full 0):
 garbage-first heap   total 78848K, used 76044K [0x0000000080000000, 0x0000000100000000)
  region size 1024K, 62 young (63488K), 8 survivors (8192K)
 Metaspace       used 30078K, committed 30720K, reserved 1114112K
  class space    used 3860K, committed 4160K, reserved 1048576K
}
Event: 4.279 GC heap after
{Heap after GC invocations=6 (full 0):
 garbage-first heap   total 90112K, used 25188K [0x0000000080000000, 0x0000000100000000)
  region size 1024K, 7 young (7168K), 7 survivors (7168K)
 Metaspace       used 30078K, committed 30720K, reserved 1114112K
  class space    used 3860K, committed 4160K, reserved 1048576K
}
Event: 5.029 GC heap before
{Heap before GC invocations=6 (full 0):
 garbage-first heap   total 90112K, used 61028K [0x0000000080000000, 0x0000000100000000)
  region size 1024K, 43 young (44032K), 7 survivors (7168K)
 Metaspace       used 35160K, committed 35968K, reserved 1114112K
  class space    used 4708K, committed 5120K, reserved 1048576K
}
Event: 5.041 GC heap after
{Heap after GC invocations=7 (full 0):
 garbage-first heap   total 90112K, used 27490K [0x0000000080000000, 0x0000000100000000)
  region size 1024K, 6 young (6144K), 6 survivors (6144K)
 Metaspace       used 35160K, committed 35968K, reserved 1114112K
  class space    used 4708K, committed 5120K, reserved 1048576K
}
Event: 5.078 GC heap before
{Heap before GC invocations=7 (full 0):
 garbage-first heap   total 90112K, used 29538K [0x0000000080000000, 0x0000000100000000)
  region size 1024K, 9 young (9216K), 6 survivors (6144K)
 Metaspace       used 35428K, committed 36288K, reserved 1114112K
  class space    used 4754K, committed 5184K, reserved 1048576K
}
Event: 5.086 GC heap after
{Heap after GC invocations=8 (full 0):
 garbage-first heap   total 108544K, used 27790K [0x0000000080000000, 0x0000000100000000)
  region size 1024K, 3 young (3072K), 3 survivors (3072K)
 Metaspace       used 35428K, committed 36288K, reserved 1114112K
  class space    used 4754K, committed 5184K, reserved 1048576K
}
Event: 6.317 GC heap before
{Heap before GC invocations=9 (full 0):
 garbage-first heap   total 96256K, used 88206K [0x0000000080000000, 0x0000000100000000)
  region size 1024K, 63 young (64512K), 3 survivors (3072K)
 Metaspace       used 45428K, committed 46656K, reserved 1114112K
  class space    used 6048K, committed 6656K, reserved 1048576K
}
Event: 6.324 GC heap after
{Heap after GC invocations=10 (full 0):
 garbage-first heap   total 98304K, used 33173K [0x0000000080000000, 0x0000000100000000)
  region size 1024K, 8 young (8192K), 8 survivors (8192K)
 Metaspace       used 45428K, committed 46656K, reserved 1114112K
  class space    used 6048K, committed 6656K, reserved 1048576K
}
Event: 6.818 GC heap before
{Heap before GC invocations=10 (full 0):
 garbage-first heap   total 98304K, used 83349K [0x0000000080000000, 0x0000000100000000)
  region size 1024K, 57 young (58368K), 8 survivors (8192K)
 Metaspace       used 47766K, committed 49088K, reserved 1114112K
  class space    used 6420K, committed 7104K, reserved 1048576K
}
Event: 6.828 GC heap after
{Heap after GC invocations=11 (full 0):
 garbage-first heap   total 98304K, used 35324K [0x0000000080000000, 0x0000000100000000)
  region size 1024K, 4 young (4096K), 4 survivors (4096K)
 Metaspace       used 47766K, committed 49088K, reserved 1114112K
  class space    used 6420K, committed 7104K, reserved 1048576K
}
Event: 8.193 GC heap before
{Heap before GC invocations=11 (full 0):
 garbage-first heap   total 98304K, used 84476K [0x0000000080000000, 0x0000000100000000)
  region size 1024K, 51 young (52224K), 4 survivors (4096K)
 Metaspace       used 54672K, committed 56192K, reserved 1114112K
  class space    used 7363K, committed 8128K, reserved 1048576K
}
Event: 8.199 GC heap after
{Heap after GC invocations=12 (full 0):
 garbage-first heap   total 98304K, used 36964K [0x0000000080000000, 0x0000000100000000)
  region size 1024K, 6 young (6144K), 6 survivors (6144K)
 Metaspace       used 54672K, committed 56192K, reserved 1114112K
  class space    used 7363K, committed 8128K, reserved 1048576K
}
Event: 8.848 GC heap before
{Heap before GC invocations=12 (full 0):
 garbage-first heap   total 98304K, used 66660K [0x0000000080000000, 0x0000000100000000)
  region size 1024K, 36 young (36864K), 6 survivors (6144K)
 Metaspace       used 59118K, committed 60608K, reserved 1114112K
  class space    used 8010K, committed 8768K, reserved 1048576K
}
Event: 8.856 GC heap after
{Heap after GC invocations=13 (full 0):
 garbage-first heap   total 98304K, used 38376K [0x0000000080000000, 0x0000000100000000)
  region size 1024K, 4 young (4096K), 4 survivors (4096K)
 Metaspace       used 59118K, committed 60608K, reserved 1114112K
  class space    used 8010K, committed 8768K, reserved 1048576K
}

